2025-03-28 15:09:46.376831 - Received CBT.V508.FILE022.PDS from FILE022.XMI 
2025-03-28 15:09:46.378180 - Found $$$#DATE.txt (text/plain) in CBT.V508.FILE022.PDS, moved to PDS/$$$#DATE
2025-03-28 15:09:46.379226 - Found $$$DOC.txt (text/plain) in CBT.V508.FILE022.PDS, moved to PDS/$$$DOC
2025-03-28 15:09:46.380660 - Found $$CBTDOC.txt (text/plain) in CBT.V508.FILE022.PDS, moved to PDS/$$CBTDOC
2025-03-28 15:09:46.382421 - Found $AMODGEN.txt (text/plain) in CBT.V508.FILE022.PDS, moved to PDS/$AMODGEN
2025-03-28 15:09:46.383407 - Found $ASMHCL.txt (text/plain) in CBT.V508.FILE022.PDS, moved to PDS/$ASMHCL
2025-03-28 15:09:46.384043 - Found $BROWSE.txt (text/plain) in CBT.V508.FILE022.PDS, moved to PDS/$BROWSE
2025-03-28 15:09:46.384615 - Found $COPY.txt (text/plain) in CBT.V508.FILE022.PDS, moved to PDS/$COPY
2025-03-28 15:09:46.385205 - Found $DATE.txt (text/plain) in CBT.V508.FILE022.PDS, moved to PDS/$DATE
2025-03-28 15:09:46.386241 - Found $EXEC.txt (text/plain) in CBT.V508.FILE022.PDS, moved to PDS/$EXEC
2025-03-28 15:09:46.387735 - Found $GENER.txt (text/plain) in CBT.V508.FILE022.PDS, moved to PDS/$GENER
2025-03-28 15:09:46.388701 - Found $HASPSRC.txt (text/plain) in CBT.V508.FILE022.PDS, moved to PDS/$HASPSRC
2025-03-28 15:09:46.389603 - Found $IEHMAP.txt (text/plain) in CBT.V508.FILE022.PDS, moved to PDS/$IEHMAP
2025-03-28 15:09:46.390818 - Found $JOB.txt (text/plain) in CBT.V508.FILE022.PDS, moved to PDS/$JOB
2025-03-28 15:09:46.391785 - Found $JUL.txt (text/plain) in CBT.V508.FILE022.PDS, moved to PDS/$JUL
2025-03-28 15:09:46.392689 - Found $LC.txt (text/plain) in CBT.V508.FILE022.PDS, moved to PDS/$LC
2025-03-28 15:09:46.393518 - Found $LD.txt (text/plain) in CBT.V508.FILE022.PDS, moved to PDS/$LD
2025-03-28 15:09:46.394065 - Found $LDI.txt (text/plain) in CBT.V508.FILE022.PDS, moved to PDS/$LDI
2025-03-28 15:09:46.394899 - Found $LISTLVL.txt (text/plain) in CBT.V508.FILE022.PDS, moved to PDS/$LISTLVL
2025-03-28 15:09:46.395433 - Found $LM.txt (text/plain) in CBT.V508.FILE022.PDS, moved to PDS/$LM
2025-03-28 15:09:46.396048 - Found $LS.txt (text/plain) in CBT.V508.FILE022.PDS, moved to PDS/$LS
2025-03-28 15:09:46.396732 - Found $MACLIB.txt (text/plain) in CBT.V508.FILE022.PDS, moved to PDS/$MACLIB
2025-03-28 15:09:46.397513 - Found $PEND.txt (text/plain) in CBT.V508.FILE022.PDS, moved to PDS/$PEND
2025-03-28 15:09:46.398636 - Found $PRINT.txt (text/plain) in CBT.V508.FILE022.PDS, moved to PDS/$PRINT
2025-03-28 15:09:46.399238 - Found $PROCLIB.txt (text/plain) in CBT.V508.FILE022.PDS, moved to PDS/$PROCLIB
2025-03-28 15:09:46.400781 - Found $RECEIVE.txt (text/plain) in CBT.V508.FILE022.PDS, moved to PDS/$RECEIVE
2025-03-28 15:09:46.402222 - Found $SPACE.txt (text/plain) in CBT.V508.FILE022.PDS, moved to PDS/$SPACE
2025-03-28 15:09:46.403389 - Found $STCK.txt (text/plain) in CBT.V508.FILE022.PDS, moved to PDS/$STCK
2025-03-28 15:09:46.403910 - Found $V.txt (text/plain) in CBT.V508.FILE022.PDS, moved to PDS/$V
2025-03-28 15:09:46.404585 - Found $WHO.txt (text/plain) in CBT.V508.FILE022.PDS, moved to PDS/$WHO
2025-03-28 15:09:46.405181 - Found #CATRPT.jcl (text/plain) in CBT.V508.FILE022.PDS, moved to PDS/#CATRPT
2025-03-28 15:09:46.406250 - Found #CSIRPT.jcl (text/plain) in CBT.V508.FILE022.PDS, moved to PDS/#CSIRPT
2025-03-28 15:09:46.407614 - Found #PARMLIB.jcl (text/plain) in CBT.V508.FILE022.PDS, moved to PDS/#PARMLIB
2025-03-28 15:09:46.408571 - Found #PROCLIB.jcl (text/plain) in CBT.V508.FILE022.PDS, moved to PDS/#PROCLIB
2025-03-28 15:09:46.409280 - Found #RACF.jcl (text/plain) in CBT.V508.FILE022.PDS, moved to PDS/#RACF
2025-03-28 15:09:46.410127 - Found #SMFRPT.jcl (text/plain) in CBT.V508.FILE022.PDS, moved to PDS/#SMFRPT
2025-03-28 15:09:46.410756 - Found #VTOCS.jcl (text/plain) in CBT.V508.FILE022.PDS, moved to PDS/#VTOCS
2025-03-28 15:09:46.411369 - Found @FILE022.txt (text/plain) in CBT.V508.FILE022.PDS, moved to PDS/@FILE022
2025-03-28 15:09:46.412256 - Found ADRMCLC$.txt (text/plain) in CBT.V508.FILE022.PDS, moved to PDS/ADRMCLC$
2025-03-28 15:09:46.413567 - Found ADRMCLV#.jcl (text/plain) in CBT.V508.FILE022.PDS, moved to PDS/ADRMCLV#
2025-03-28 15:09:46.414905 - Found ADRMCLVL.txt (text/plain) in CBT.V508.FILE022.PDS, moved to PDS/ADRMCLVL
2025-03-28 15:09:46.416356 - Found AUTHOR.txt (text/plain) in CBT.V508.FILE022.PDS, moved to PDS/AUTHOR
2025-03-28 15:09:46.417527 - Found BINTIME.txt (text/plain) in CBT.V508.FILE022.PDS, moved to PDS/BINTIME
2025-03-28 15:09:46.418616 - Found CATSTRI#.jcl (text/plain) in CBT.V508.FILE022.PDS, moved to PDS/CATSTRI#
2025-03-28 15:09:46.419548 - Found CATSTRIP.txt (text/plain) in CBT.V508.FILE022.PDS, moved to PDS/CATSTRIP
2025-03-28 15:09:46.420041 - Found CENTER.txt (text/plain) in CBT.V508.FILE022.PDS, moved to PDS/CENTER
2025-03-28 15:09:46.420699 - Found CLEAR.txt (text/plain) in CBT.V508.FILE022.PDS, moved to PDS/CLEAR
2025-03-28 15:09:46.422590 - Found CLISTSOE.txt (text/plain) in CBT.V508.FILE022.PDS, moved to PDS/CLISTSOE
2025-03-28 15:09:46.424217 - Found CPUTIME.txt (text/plain) in CBT.V508.FILE022.PDS, moved to PDS/CPUTIME
2025-03-28 15:09:46.425355 - Found DATE$.txt (text/plain) in CBT.V508.FILE022.PDS, moved to PDS/DATE$
2025-03-28 15:09:46.426173 - Found DATERC.txt (text/plain) in CBT.V508.FILE022.PDS, moved to PDS/DATERC
2025-03-28 15:09:46.426776 - Found DATERC#.jcl (text/plain) in CBT.V508.FILE022.PDS, moved to PDS/DATERC#
2025-03-28 15:09:46.427354 - Found DATE133.jcl (text/plain) in CBT.V508.FILE022.PDS, moved to PDS/DATE133
2025-03-28 15:09:46.428253 - Found DATE80.jcl (text/plain) in CBT.V508.FILE022.PDS, moved to PDS/DATE80
2025-03-28 15:09:46.429077 - Found DI215.txt (text/plain) in CBT.V508.FILE022.PDS, moved to PDS/DI215
2025-03-28 15:09:46.429675 - Found DI215#.jcl (text/plain) in CBT.V508.FILE022.PDS, moved to PDS/DI215#
2025-03-28 15:09:46.430454 - Found DUMPSCA#.jcl (text/plain) in CBT.V508.FILE022.PDS, moved to PDS/DUMPSCA#
2025-03-28 15:09:46.431034 - Found DUMPSCAN.txt (text/plain) in CBT.V508.FILE022.PDS, moved to PDS/DUMPSCAN
2025-03-28 15:09:46.431634 - Found GETJOBNM.txt (text/plain) in CBT.V508.FILE022.PDS, moved to PDS/GETJOBNM
2025-03-28 15:09:46.432252 - Found ICHRIN#.txt (text/plain) in CBT.V508.FILE022.PDS, moved to PDS/ICHRIN#
2025-03-28 15:09:46.433123 - Found ICHRIN03.txt (text/plain) in CBT.V508.FILE022.PDS, moved to PDS/ICHRIN03
2025-03-28 15:09:46.434335 - Found IDMSLOG#.jcl (text/plain) in CBT.V508.FILE022.PDS, moved to PDS/IDMSLOG#
2025-03-28 15:09:46.435736 - Found IDMSLOGS.txt (text/plain) in CBT.V508.FILE022.PDS, moved to PDS/IDMSLOGS
2025-03-28 15:09:46.436905 - Found JOBSTAT.txt (text/plain) in CBT.V508.FILE022.PDS, moved to PDS/JOBSTAT
2025-03-28 15:09:46.437680 - Found JOBSTAT#.jcl (text/plain) in CBT.V508.FILE022.PDS, moved to PDS/JOBSTAT#
2025-03-28 15:09:46.438386 - Found JULDATE.txt (text/plain) in CBT.V508.FILE022.PDS, moved to PDS/JULDATE
2025-03-28 15:09:46.438943 - Found JULSUB.jcl (text/plain) in CBT.V508.FILE022.PDS, moved to PDS/JULSUB
2025-03-28 15:09:46.440165 - Found MODE.txt (text/plain) in CBT.V508.FILE022.PDS, moved to PDS/MODE
2025-03-28 15:09:46.442100 - Found MRGJNLO#.jcl (text/plain) in CBT.V508.FILE022.PDS, moved to PDS/MRGJNLO#
2025-03-28 15:09:46.445049 - Found MRGJNLOG.txt (text/plain) in CBT.V508.FILE022.PDS, moved to PDS/MRGJNLOG
2025-03-28 15:09:46.445935 - Found PARMPASS.txt (text/plain) in CBT.V508.FILE022.PDS, moved to PDS/PARMPASS
2025-03-28 15:09:46.447071 - Found PUTCVRL.txt (text/plain) in CBT.V508.FILE022.PDS, moved to PDS/PUTCVRL
2025-03-28 15:09:46.448448 - Found PUTCVRL#.jcl (text/plain) in CBT.V508.FILE022.PDS, moved to PDS/PUTCVRL#
2025-03-28 15:09:46.450044 - Found RACFPGM.txt (text/plain) in CBT.V508.FILE022.PDS, moved to PDS/RACFPGM
2025-03-28 15:09:46.451921 - Found RACFST.txt (text/plain) in CBT.V508.FILE022.PDS, moved to PDS/RACFST
2025-03-28 15:09:46.453402 - Found RACFST#.jcl (text/plain) in CBT.V508.FILE022.PDS, moved to PDS/RACFST#
2025-03-28 15:09:46.454437 - Found REGS.txt (text/plain) in CBT.V508.FILE022.PDS, moved to PDS/REGS
2025-03-28 15:09:46.456393 - Found REGSX.txt (text/plain) in CBT.V508.FILE022.PDS, moved to PDS/REGSX
2025-03-28 15:09:46.458313 - Found RESCUE.txt (text/plain) in CBT.V508.FILE022.PDS, moved to PDS/RESCUE
2025-03-28 15:09:46.460298 - Found RESCUE#.jcl (text/plain) in CBT.V508.FILE022.PDS, moved to PDS/RESCUE#
2025-03-28 15:09:46.461992 - Found ROUTDESC.txt (text/plain) in CBT.V508.FILE022.PDS, moved to PDS/ROUTDESC
2025-03-28 15:09:46.463434 - Found SASCATS.jcl (text/plain) in CBT.V508.FILE022.PDS, moved to PDS/SASCATS
2025-03-28 15:09:46.464344 - Found SASCATSM.txt (text/plain) in CBT.V508.FILE022.PDS, moved to PDS/SASCATSM
2025-03-28 15:09:46.465649 - Found SASCATSR.jcl (text/plain) in CBT.V508.FILE022.PDS, moved to PDS/SASCATSR
2025-03-28 15:09:46.467572 - Found SASCSI.jcl (text/plain) in CBT.V508.FILE022.PDS, moved to PDS/SASCSI
2025-03-28 15:09:46.468642 - Found SASDDDEF.txt (text/plain) in CBT.V508.FILE022.PDS, moved to PDS/SASDDDEF
2025-03-28 15:09:46.470371 - Found SASEXPL.txt (text/plain) in CBT.V508.FILE022.PDS, moved to PDS/SASEXPL
2025-03-28 15:09:46.471930 - Found SASNLDM.jcl (text/plain) in CBT.V508.FILE022.PDS, moved to PDS/SASNLDM
2025-03-28 15:09:46.472574 - Found SASSMF3R.jcl (text/plain) in CBT.V508.FILE022.PDS, moved to PDS/SASSMF3R
2025-03-28 15:09:46.473638 - Found SASSMF30.txt (text/plain) in CBT.V508.FILE022.PDS, moved to PDS/SASSMF30
2025-03-28 15:09:46.474338 - Found SASSMP.jcl (text/plain) in CBT.V508.FILE022.PDS, moved to PDS/SASSMP
2025-03-28 15:09:46.476154 - Found SASTIMES.txt (text/plain) in CBT.V508.FILE022.PDS, moved to PDS/SASTIMES
2025-03-28 15:09:46.477441 - Found SASTMS.jcl (text/plain) in CBT.V508.FILE022.PDS, moved to PDS/SASTMS
2025-03-28 15:09:46.478813 - Found SASVTOC.txt (text/plain) in CBT.V508.FILE022.PDS, moved to PDS/SASVTOC
2025-03-28 15:09:46.479655 - Found SAS30M.txt (text/plain) in CBT.V508.FILE022.PDS, moved to PDS/SAS30M
2025-03-28 15:09:46.481096 - Found SMF5.txt (text/plain) in CBT.V508.FILE022.PDS, moved to PDS/SMF5
2025-03-28 15:09:46.482667 - Found SMF5#.jcl (text/plain) in CBT.V508.FILE022.PDS, moved to PDS/SMF5#
2025-03-28 15:09:46.483576 - Found SMPELIS#.jcl (text/plain) in CBT.V508.FILE022.PDS, moved to PDS/SMPELIS#
2025-03-28 15:09:46.484586 - Found SMPELIST.txt (text/plain) in CBT.V508.FILE022.PDS, moved to PDS/SMPELIST
2025-03-28 15:09:46.486283 - Found SMPPRE.txt (text/plain) in CBT.V508.FILE022.PDS, moved to PDS/SMPPRE
2025-03-28 15:09:46.487614 - Found SYSLOC.txt (text/plain) in CBT.V508.FILE022.PDS, moved to PDS/SYSLOC
2025-03-28 15:09:46.488651 - Found SYSLOG.txt (text/plain) in CBT.V508.FILE022.PDS, moved to PDS/SYSLOG
2025-03-28 15:09:46.489671 - Found SYSLOG$.txt (text/plain) in CBT.V508.FILE022.PDS, moved to PDS/SYSLOG$
2025-03-28 15:09:46.490831 - Found SYSLOG$$.txt (text/plain) in CBT.V508.FILE022.PDS, moved to PDS/SYSLOG$$
2025-03-28 15:09:46.492514 - Found SYSLOG#.jcl (text/plain) in CBT.V508.FILE022.PDS, moved to PDS/SYSLOG#
2025-03-28 15:09:46.493775 - Found SYSLOG##.jcl (text/plain) in CBT.V508.FILE022.PDS, moved to PDS/SYSLOG##
2025-03-28 15:09:46.494775 - Found SYSTAT.txt (text/plain) in CBT.V508.FILE022.PDS, moved to PDS/SYSTAT
2025-03-28 15:09:46.495448 - Found SYSTAT$.txt (text/plain) in CBT.V508.FILE022.PDS, moved to PDS/SYSTAT$
2025-03-28 15:09:46.496128 - Found SYSTAT#.jcl (text/plain) in CBT.V508.FILE022.PDS, moved to PDS/SYSTAT#
2025-03-28 15:09:46.496945 - Found TESTOPEN.txt (text/plain) in CBT.V508.FILE022.PDS, moved to PDS/TESTOPEN
2025-03-28 15:09:46.498531 - Found TRANSL.jcl (text/plain) in CBT.V508.FILE022.PDS, moved to PDS/TRANSL
2025-03-28 15:09:46.499650 - Found UCBJCL.txt (text/plain) in CBT.V508.FILE022.PDS, moved to PDS/UCBJCL
2025-03-28 15:09:46.500341 - Found UCBJCL#.jcl (text/plain) in CBT.V508.FILE022.PDS, moved to PDS/UCBJCL#
2025-03-28 15:09:46.501548 - Found UCBSCAN.txt (text/plain) in CBT.V508.FILE022.PDS, moved to PDS/UCBSCAN
2025-03-28 15:09:46.502267 - Found UCBSCAN$.txt (text/plain) in CBT.V508.FILE022.PDS, moved to PDS/UCBSCAN$
2025-03-28 15:09:46.503570 - Found UCBSCAN#.jcl (text/plain) in CBT.V508.FILE022.PDS, moved to PDS/UCBSCAN#
2025-03-28 15:09:46.504841 - Found UCBSCAN@.txt (text/plain) in CBT.V508.FILE022.PDS, moved to PDS/UCBSCAN@
2025-03-28 15:09:46.506432 - Found UCBSVC#.jcl (text/plain) in CBT.V508.FILE022.PDS, moved to PDS/UCBSVC#
2025-03-28 15:09:46.508013 - Found UCBSVC78.txt (text/plain) in CBT.V508.FILE022.PDS, moved to PDS/UCBSVC78
2025-03-28 15:09:46.509232 - Found UCBTYPES.txt (text/plain) in CBT.V508.FILE022.PDS, moved to PDS/UCBTYPES
2025-03-28 15:09:46.510281 - Found WEEKLY.jcl (text/plain) in CBT.V508.FILE022.PDS, moved to PDS/WEEKLY
2025-03-28 15:09:46.510985 - Found WTONROL#.jcl (text/plain) in CBT.V508.FILE022.PDS, moved to PDS/WTONROL#
2025-03-28 15:09:46.511543 - Found WTONROLL.txt (text/plain) in CBT.V508.FILE022.PDS, moved to PDS/WTONROLL
